#-----------------------------------------------------------
# Vivado v2020.1 (64-bit)
# SW Build 2902540 on Wed May 27 19:54:49 MDT 2020
# IP Build 2902112 on Wed May 27 22:43:36 MDT 2020
# Start of session at: Fri Oct  7 13:08:20 2022
# Process ID: 2884
# Current directory: C:/Users/archi/OneDrive/Desktop/ECE 410/Labs/Lab 1/lab1_part2
# Command line: vivado.exe -gui_launcher_event rodinguilauncherevent14220 C:\Users\archi\OneDrive\Desktop\ECE 410\Labs\Lab 1\lab1_part2\lab1_part2.xpr
# Log file: C:/Users/archi/OneDrive/Desktop/ECE 410/Labs/Lab 1/lab1_part2/vivado.log
# Journal file: C:/Users/archi/OneDrive/Desktop/ECE 410/Labs/Lab 1/lab1_part2\vivado.jou
#-----------------------------------------------------------
start_gui
open_project {C:/Users/archi/OneDrive/Desktop/ECE 410/Labs/Lab 1/lab1_part2/lab1_part2.xpr}
Scanning sources...
Finished scanning sources
INFO: [IP_Flow 19-234] Refreshing IP repositories
INFO: [IP_Flow 19-1704] No user IP repositories specified
INFO: [IP_Flow 19-2313] Loaded Vivado IP repository 'C:/Xilinx/Vivado/2020.1/data/ip'.
open_project: Time (s): cpu = 00:00:21 ; elapsed = 00:00:09 . Memory (MB): peak = 1013.520 ; gain = 0.000
update_compile_order -fileset sources_1
exit
INFO: [Common 17-206] Exiting Vivado at Fri Oct  7 13:16:59 2022...
