#-----------------------------------------------------------
# Vivado v2020.1 (64-bit)
# SW Build 2902540 on Wed May 27 19:54:49 MDT 2020
# IP Build 2902112 on Wed May 27 22:43:36 MDT 2020
# Start of session at: Thu Oct  6 23:22:29 2022
# Process ID: 10592
# Current directory: C:/Users/archi/OneDrive/Desktop/ECE 410/Labs/Lab 1/lab1_part2(1)
# Command line: vivado.exe -gui_launcher_event rodinguilauncherevent12952 C:\Users\archi\OneDrive\Desktop\ECE 410\Labs\Lab 1\lab1_part2(1)\lab1_part2.xpr
# Log file: C:/Users/archi/OneDrive/Desktop/ECE 410/Labs/Lab 1/lab1_part2(1)/vivado.log
# Journal file: C:/Users/archi/OneDrive/Desktop/ECE 410/Labs/Lab 1/lab1_part2(1)\vivado.jou
#-----------------------------------------------------------
start_gui
open_project {C:/Users/archi/OneDrive/Desktop/ECE 410/Labs/Lab 1/lab1_part2(1)/lab1_part2.xpr}
INFO: [Project 1-313] Project file moved from 'C:/Users/archi/OneDrive/Desktop/ECE 410/Labs/Lab 1/lab1_part2' since last save.
Scanning sources...
Finished scanning sources
INFO: [IP_Flow 19-234] Refreshing IP repositories
INFO: [IP_Flow 19-1704] No user IP repositories specified
INFO: [IP_Flow 19-2313] Loaded Vivado IP repository 'C:/Xilinx/Vivado/2020.1/data/ip'.
open_project: Time (s): cpu = 00:00:17 ; elapsed = 00:00:07 . Memory (MB): peak = 1013.008 ; gain = 0.000
update_compile_order -fileset sources_1
update_compile_order -fileset sources_1
export_ip_user_files -of_objects  [get_files {{C:/Users/archi/OneDrive/Desktop/ECE 410/Labs/Lab 1/lab1_part2(1)/lab1_part2.srcs/sources_1/imports/new/priority_encoder.vhd}}] -no_script -reset -force -quiet
remove_files  {{C:/Users/archi/OneDrive/Desktop/ECE 410/Labs/Lab 1/lab1_part2(1)/lab1_part2.srcs/sources_1/imports/new/priority_encoder.vhd}}
file delete -force {C:/Users/archi/OneDrive/Desktop/ECE 410/Labs/Lab 1/lab1_part2(1)/lab1_part2.srcs/sources_1/imports/new/priority_encoder.vhd}
exit
INFO: [Common 17-206] Exiting Vivado at Thu Oct  6 23:25:21 2022...
