#-----------------------------------------------------------
# Vivado v2020.1 (64-bit)
# SW Build 2902540 on Wed May 27 19:54:49 MDT 2020
# IP Build 2902112 on Wed May 27 22:43:36 MDT 2020
# Start of session at: Fri Sep 23 16:59:07 2022
# Process ID: 2964
# Current directory: C:/Users/archit1/Desktop/lab1_part1
# Command line: vivado.exe -gui_launcher_event rodinguilauncherevent7756 C:\Users\archit1\Desktop\lab1_part1\lab1_part1.xpr
# Log file: C:/Users/archit1/Desktop/lab1_part1/vivado.log
# Journal file: C:/Users/archit1/Desktop/lab1_part1\vivado.jou
#-----------------------------------------------------------
start_gui
open_project C:/Users/archit1/Desktop/lab1_part1/lab1_part1.xpr
Scanning sources...
Finished scanning sources
INFO: [IP_Flow 19-234] Refreshing IP repositories
INFO: [IP_Flow 19-1704] No user IP repositories specified
INFO: [IP_Flow 19-2313] Loaded Vivado IP repository 'C:/Xilinx/Vivado/2020.1/data/ip'.
update_compile_order -fileset sources_1
exit
INFO: [Common 17-206] Exiting Vivado at Fri Sep 23 17:35:10 2022...
